Arguments: 
  /Users/danielpinheiro/.nvm/versions/node/v14.15.4/bin/node /usr/local/Cellar/yarn/1.22.10/libexec/bin/yarn.js add webpack webpack-cli ts-loader jquery @types/jquert -D

PATH: 
  /Users/danielpinheiro/.rbenv/shims:/Users/danielpinheiro/.nvm/versions/node/v14.15.4/bin:/usr/local/bin:/usr/local/bin:/usr/bin:/bin:/usr/sbin:/sbin:/Library/Apple/usr/bin:/Users/danielpinheiro/.rbenv/shims:/Users/danielpinheiro/.nvm/versions/node/v14.15.4/bin:/Users/danielpinheiro/Library/Android/sdk/emulator:/Users/danielpinheiro/Library/Android/sdk/tools:/Users/danielpinheiro/Library/Android/sdk/tools/bin:/Users/danielpinheiro/Library/Android/sdk/platform-tools:/Applications/Visual Studio Code.app/Contents/Resources/app/bin:/Users/danielpinheiro/Library/Android/sdk/emulator:/Users/danielpinheiro/Library/Android/sdk/tools:/Users/danielpinheiro/Library/Android/sdk/tools/bin:/Users/danielpinheiro/Library/Android/sdk/platform-tools:/Applications/Visual Studio Code.app/Contents/Resources/app/bin

Yarn version: 
  1.22.10

Node version: 
  14.15.4

Platform: 
  darwin x64

Trace: 
  Error: https://registry.yarnpkg.com/@types%2fjquert: Not found
      at Request.params.callback [as _callback] (/usr/local/Cellar/yarn/1.22.10/libexec/lib/cli.js:66988:18)
      at Request.self.callback (/usr/local/Cellar/yarn/1.22.10/libexec/lib/cli.js:140749:22)
      at Request.emit (events.js:315:20)
      at Request.<anonymous> (/usr/local/Cellar/yarn/1.22.10/libexec/lib/cli.js:141721:10)
      at Request.emit (events.js:315:20)
      at IncomingMessage.<anonymous> (/usr/local/Cellar/yarn/1.22.10/libexec/lib/cli.js:141643:12)
      at Object.onceWrapper (events.js:421:28)
      at IncomingMessage.emit (events.js:327:22)
      at endReadableNT (internal/streams/readable.js:1327:12)
      at processTicksAndRejections (internal/process/task_queues.js:80:21)

npm manifest: 
  {
    "name": "webpack-typescript-integration",
    "version": "1.0.0",
    "main": "index.js",
    "license": "MIT",
    "devDependencies": {
      "typescript": "^4.1.5"
    }
  }

yarn manifest: 
  No manifest

Lockfile: 
  # THIS IS AN AUTOGENERATED FILE. DO NOT EDIT THIS FILE DIRECTLY.
  # yarn lockfile v1
  
  
  typescript@^4.1.5:
    version "4.1.5"
    resolved "https://registry.yarnpkg.com/typescript/-/typescript-4.1.5.tgz#123a3b214aaff3be32926f0d8f1f6e704eb89a72"
    integrity sha512-6OSu9PTIzmn9TCDiovULTnET6BgXtDYL4Gg4szY+cGsc3JP1dQL8qvE8kShTRx1NIw4Q9IBHlwODjkjWEtMUyA==
